<?xml version="1.0" encoding="utf-8"?><testsuites name="pytest tests"><testsuite name="pytest" errors="0" failures="0" skipped="0" tests="98" time="7.145" timestamp="2026-04-26T13:49:04.332430-06:00" hostname="Mac.gateway.sasktel.net"><testcase classname="backend.tests.test_hca" name="test_root_message" time="0.059" /><testcase classname="backend.tests.test_hca" name="test_get_run_not_found" time="0.024" /><testcase classname="backend.tests.test_hca" name="test_list_runs_returns_bounded_summaries" time="0.119" /><testcase classname="backend.tests.test_hca" name="test_list_runs_query_filters_by_goal" time="0.043" /><testcase classname="backend.tests.test_hca" name="test_get_run_events_returns_newest_first" time="0.058" /><testcase classname="backend.tests.test_hca" name="test_get_run_artifacts_and_detail" time="0.040" /><testcase classname="backend.tests.test_hca" name="test_stream_endpoint_emits_done_event_for_successful_run" time="0.993" /><testcase classname="backend.tests.test_hca" name="test_stream_endpoint_emits_error_event_when_runtime_raises" time="0.375" /><testcase classname="backend.tests.test_hca" name="test_stream_endpoint_emits_done_event_for_halted_run" time="0.371" /><testcase classname="backend.tests.test_hca" name="test_run_summary_uses_recorded_memory_hits_and_metrics" time="0.032" /><testcase classname="backend.tests.test_hca" name="test_run_summary_surfaces_workflow_outcome_and_critic_scores" time="0.025" /><testcase classname="backend.tests.test_hca" name="test_memory_retrieval_failure_is_explicit_but_nonfatal" time="0.045" /><testcase classname="backend.tests.test_hca" name="test_approve_rejects_non_pending_approval_without_writing_grant" time="0.028" /><testcase classname="backend.tests.test_hca" name="test_deny_rejects_non_pending_approval" time="0.039" /><testcase classname="backend.tests.test_hca" name="test_memory_retrieve_returns_hits_array" time="0.027" /><testcase classname="backend.tests.test_hca" name="test_memory_retrieve_rejects_legacy_query_wrapper" time="0.034" /><testcase classname="backend.tests.test_hca" name="test_memory_retrieve_rejects_blank_query_text" time="0.036" /><testcase classname="backend.tests.test_hca" name="test_memory_retrieve_hit_shape" time="0.048" /><testcase classname="backend.tests.test_hca" name="test_memory_maintain_envelope" time="0.051" /><testcase classname="backend.tests.test_hca" name="test_basic_run_completed" time="0.069" /><testcase classname="backend.tests.test_hca" name="test_get_run_by_id" time="0.052" /><testcase classname="backend.tests.test_hca" name="test_contract_run_includes_replay_workflow_fields" time="0.257" /><testcase classname="backend.tests.test_hca" name="test_runtime_memory_question_returns_summary" time="0.172" /><testcase classname="backend.tests.test_hca" name="test_runtime_memory_recall_response_not_empty" time="0.164" /><testcase classname="backend.tests.test_hca" name="test_remember_goal_awaiting_approval" time="0.115" /><testcase classname="backend.tests.test_hca" name="test_approve_action_completes" time="0.126" /><testcase classname="backend.tests.test_hca" name="test_deny_action_halts_without_execution" time="0.322" /><testcase classname="backend.tests.test_hca" name="test_approve_action_recovers_from_stale_run_context" time="0.149" /><testcase classname="backend.tests.test_hca" name="test_approve_rejects_when_context_is_stale_but_replay_is_terminal" time="0.076" /><testcase classname="backend.tests.test_hca" name="test_status_route_returns_503_without_db" time="0.025" /><testcase classname="backend.tests.test_hca" name="test_subsystems_route_surfaces_mode_and_optional_status" time="0.039" /><testcase classname="backend.tests.test_memory" name="test_list_returns_records" time="0.048" /><testcase classname="backend.tests.test_memory" name="test_list_filter_by_type_episode" time="0.061" /><testcase classname="backend.tests.test_memory" name="test_list_pagination" time="0.077" /><testcase classname="backend.tests.test_memory" name="test_record_fields" time="0.045" /><testcase classname="backend.tests.test_memory" name="test_list_invalid_limit_returns_422" time="0.054" /><testcase classname="backend.tests.test_memory" name="test_list_invalid_scope_returns_422" time="0.052" /><testcase classname="backend.tests.test_memory" name="test_delete_nonexistent_returns_404" time="0.046" /><testcase classname="backend.tests.test_memory" name="test_delete_removes_record" time="0.089" /><testcase classname="backend.tests.test_memory" name="test_controller_reload_ignores_truncated_final_record" time="0.003" /><testcase classname="backend.tests.test_memory" name="test_controller_retrieve_prefers_newest_on_tied_scores" time="0.005" /><testcase classname="backend.tests.test_memory" name="test_controller_ingest_rolls_back_on_disk_failure" time="0.004" /><testcase classname="backend.tests.test_memory" name="test_controller_maintain_persists_expired_records_on_reload" time="0.009" /><testcase classname="backend.tests.test_server_bootstrap" name="test_is_workspace_python_path_rejects_transient_directories[.pkg-venv/lib/python3.13/site-packages/example/__init__.py]" time="0.020" /><testcase classname="backend.tests.test_server_bootstrap" name="test_is_workspace_python_path_rejects_transient_directories[.venv/lib/python3.12/site-packages/pkg.py]" time="0.001" /><testcase classname="backend.tests.test_server_bootstrap" name="test_is_workspace_python_path_rejects_transient_directories[__pycache__/module.py]" time="0.000" /><testcase classname="backend.tests.test_server_bootstrap" name="test_is_workspace_python_path_rejects_transient_directories[.pytest_cache/module.py]" time="0.001" /><testcase classname="backend.tests.test_server_bootstrap" name="test_is_workspace_python_path_rejects_transient_directories[.mypy_cache/module.py]" time="0.000" /><testcase classname="backend.tests.test_server_bootstrap" name="test_is_workspace_python_path_rejects_transient_directories[.ruff_cache/module.py]" time="0.000" /><testcase classname="backend.tests.test_server_bootstrap" name="test_is_workspace_python_path_rejects_transient_directories[node_modules/pkg/index.py]" time="0.000" /><testcase classname="backend.tests.test_server_bootstrap" name="test_is_workspace_python_path_rejects_transient_directories[build/generated.py]" time="0.001" /><testcase classname="backend.tests.test_server_bootstrap" name="test_is_workspace_python_path_rejects_transient_directories[dist/generated.py]" time="0.001" /><testcase classname="backend.tests.test_server_bootstrap" name="test_is_workspace_python_path_rejects_transient_directories[target/release/generated.py]" time="0.000" /><testcase classname="backend.tests.test_server_bootstrap" name="test_is_workspace_python_path_accepts_repo_source_files" time="0.000" /><testcase classname="backend.tests.test_server_bootstrap" name="test_blocked_workspace_path_components_superset_of_production" time="0.000" /><testcase classname="backend.tests.test_server_bootstrap" name="test_load_settings_allows_db_disabled_when_env_unset" time="0.000" /><testcase classname="backend.tests.test_server_bootstrap" name="test_load_settings_rejects_partial_backend_env" time="0.000" /><testcase classname="backend.tests.test_server_bootstrap" name="test_create_app_returns_fastapi_instance" time="0.054" /><testcase classname="backend.tests.test_server_bootstrap" name="test_root_route_works_without_db" time="0.036" /><testcase classname="backend.tests.test_server_bootstrap" name="test_subsystems_route_reports_supported_python_mode_without_db" time="0.079" /><testcase classname="backend.tests.test_server_bootstrap" name="test_subsystems_route_reports_healthy_when_configured_services_are_ready" time="0.024" /><testcase classname="backend.tests.test_server_bootstrap" name="test_memory_retrieve_route_works_without_db" time="0.027" /><testcase classname="backend.tests.test_server_bootstrap" name="test_memory_route_wrapper_does_not_duplicate_subsystems_guidance" time="0.000" /><testcase classname="backend.tests.test_server_bootstrap" name="test_load_memory_settings_derives_storage_from_hca_storage_root" time="0.001" /><testcase classname="backend.tests.test_server_bootstrap" name="test_load_memory_settings_rejects_sidecar_url_in_python_mode" time="0.000" /><testcase classname="backend.tests.test_server_bootstrap" name="test_load_memory_settings_rejects_memory_storage_outside_root" time="0.001" /><testcase classname="backend.tests.test_server_bootstrap" name="test_storage_root_rejects_relative_explicit_path" time="0.000" /><testcase classname="backend.tests.test_server_bootstrap" name="test_create_app_startup_fails_with_partial_mongo_config" time="0.027" /><testcase classname="backend.tests.test_server_bootstrap" name="test_create_app_startup_fails_with_missing_rust_sidecar_url" time="0.024" /><testcase classname="backend.tests.test_server_bootstrap" name="test_create_app_startup_fails_when_sidecar_health_check_fails" time="0.026" /><testcase classname="backend.tests.test_server_bootstrap" name="test_create_app_rejects_wildcard_cors" time="0.000" /><testcase classname="backend.tests.test_server_bootstrap" name="test_create_app_rejects_invalid_cors_origin" time="0.000" /><testcase classname="backend.tests.test_server_bootstrap" name="test_frontend_uses_shared_api_client_only" time="0.021" /><testcase classname="backend.tests.test_server_bootstrap" name="test_launch_surfaces_do_not_start_compatibility_app" time="0.001" /><testcase classname="backend.tests.test_server_bootstrap" name="test_backend_proof_workflow_runs_documented_proof_script" time="0.001" /><testcase classname="backend.tests.test_server_bootstrap" name="test_frontend_proof_workflow_runs_documented_proof_script" time="0.001" /><testcase classname="backend.tests.test_server_bootstrap" name="test_frontend_runtime_validation_injects_yarn_user_agent" time="0.002" /><testcase classname="backend.tests.test_server_bootstrap" name="test_frontend_parse_jest_counts_tracks_pending_and_todo_cases" time="0.002" /><testcase classname="backend.tests.test_server_bootstrap" name="test_run_tests_external_receipt_step_requires_fresh_receipt" time="0.004" /><testcase classname="backend.tests.test_server_bootstrap" name="test_run_tests_external_receipt_step_surfaces_failed_receipt_outcome" time="0.001" /><testcase classname="backend.tests.test_server_bootstrap" name="test_run_tests_receipt_scope_metadata_tracks_covered_steps" time="0.000" /><testcase classname="backend.tests.test_server_bootstrap" name="test_fastapi_entrypoints_are_limited_to_authorized_surfaces" time="0.643" /><testcase classname="backend.tests.test_server_bootstrap" name="test_internal_compatibility_app_routes_are_minimal" time="0.012" /><testcase classname="backend.tests.test_server_bootstrap" name="test_run_view_models_delegate_to_canonical_api_models" time="0.000" /><testcase classname="backend.tests.test_server_bootstrap" name="test_non_test_code_does_not_append_grants_directly" time="0.491" /><testcase classname="backend.tests.test_server_bootstrap" name="test_python_code_uses_storage_helpers_instead_of_hardcoded_runs_paths" time="0.507" /><testcase classname="backend.tests.test_server_bootstrap" name="test_run_backend_script_sets_explicit_storage_defaults" time="0.000" /><testcase classname="backend.tests.test_server_bootstrap" name="test_base_compose_does_not_export_sidecar_url" time="0.000" /><testcase classname="backend.tests.test_server_bootstrap" name="test_makefile_exposes_local_sidecar_port_override" time="0.000" /><testcase classname="backend.tests.test_server_bootstrap" name="test_bootstrap_contract_and_repo_integrity_sentinel_pin_repo_truth" time="0.000" /><testcase classname="backend.tests.test_server_bootstrap" name="test_requirements_split_keeps_mongo_support_optional" time="0.001" /><testcase classname="backend.tests.test_server_bootstrap" name="test_proof_runner_uses_explicit_isolated_storage_env" time="0.000" /><testcase classname="backend.tests.test_server_bootstrap" name="test_runtime_bootstrap_does_not_inject_hca_source_path" time="0.000" /><testcase classname="backend.tests.test_server_bootstrap" name="test_proof_wrapper_delegates_to_canonical_proof_runner" time="0.001" /><testcase classname="backend.tests.test_server_bootstrap" name="test_non_test_python_code_keeps_process_and_network_calls_bounded" time="0.433" /><testcase classname="backend.tests.test_server_bootstrap" name="test_optional_proof_harnesses_and_receipts_are_documented_in_repo_contract" time="0.001" /><testcase classname="backend.tests.test_server_bootstrap" name="test_runtime_state_paths_remain_gitignored" time="0.000" /><testcase classname="backend.tests.test_server_bootstrap" name="test_sidecar_proof_main_uses_isolated_temp_data_dir" time="0.004" /></testsuite></testsuites>