<?xml version="1.0" encoding="utf-8"?><testsuites name="pytest tests"><testsuite name="pytest" errors="0" failures="0" skipped="0" tests="66" time="1.375" timestamp="2026-04-26T02:40:14.311618-06:00" hostname="Mac.gateway.sasktel.net"><testcase classname="backend.tests.test_autonomy_policy" name="test_disabled_policy_rejects_trigger" time="0.000" /><testcase classname="backend.tests.test_autonomy_policy" name="test_manual_mode_rejects_automatic_triggers" time="0.000" /><testcase classname="backend.tests.test_autonomy_policy" name="test_bounded_mode_accepts_inbox_trigger" time="0.000" /><testcase classname="backend.tests.test_autonomy_policy" name="test_budget_rejects_when_max_runs_exceeded" time="0.000" /><testcase classname="backend.tests.test_autonomy_policy" name="test_budget_rejects_when_max_parallel_runs_exceeded" time="0.000" /><testcase classname="backend.tests.test_autonomy_policy" name="test_budget_rejects_deadman_timeout" time="0.000" /><testcase classname="backend.tests.test_autonomy_policy" name="test_action_binding_high_risk_requires_escalation" time="0.000" /><testcase classname="backend.tests.test_autonomy_policy" name="test_action_binding_low_risk_without_approval_is_allowed" time="0.000" /><testcase classname="backend.tests.test_autonomy_policy" name="test_action_binding_tool_not_in_allowlist_rejected" time="0.000" /><testcase classname="backend.tests.test_autonomy_policy" name="test_action_binding_requires_approval_flag_blocks" time="0.000" /><testcase classname="backend.tests.test_autonomy_policy" name="test_check_resume_denies_when_auto_resume_disabled" time="0.000" /><testcase classname="backend.tests.test_autonomy_policy" name="test_check_resume_still_blocks_high_risk_class" time="0.000" /><testcase classname="backend.tests.test_autonomy_supervisor" name="test_inbox_trigger_launches_normal_hca_run" time="0.025" /><testcase classname="backend.tests.test_autonomy_supervisor" name="test_schedule_trigger_launches_normal_hca_run" time="0.017" /><testcase classname="backend.tests.test_autonomy_supervisor" name="test_paused_agent_does_not_launch" time="0.002" /><testcase classname="backend.tests.test_autonomy_supervisor" name="test_stopped_agent_does_not_launch" time="0.001" /><testcase classname="backend.tests.test_autonomy_supervisor" name="test_supervisor_records_autonomy_events_on_run" time="0.012" /><testcase classname="backend.tests.test_autonomy_supervisor" name="test_supervisor_emits_observed_event_on_second_tick" time="0.016" /><testcase classname="backend.tests.test_autonomy_supervisor" name="test_rejected_agent_emits_audit_rejected" time="0.005" /><testcase classname="backend.tests.test_autonomy_supervisor" name="test_checkpoint_persisted_on_launch" time="0.007" /><testcase classname="backend.tests.test_autonomy_routes" name="test_create_and_list_agent" time="0.127" /><testcase classname="backend.tests.test_autonomy_routes" name="test_get_agent_by_id" time="0.045" /><testcase classname="backend.tests.test_autonomy_routes" name="test_get_missing_agent_returns_404" time="0.042" /><testcase classname="backend.tests.test_autonomy_routes" name="test_pause_resume_stop_agent" time="0.030" /><testcase classname="backend.tests.test_autonomy_routes" name="test_create_schedule_requires_existing_agent" time="0.028" /><testcase classname="backend.tests.test_autonomy_routes" name="test_create_and_toggle_schedule" time="0.031" /><testcase classname="backend.tests.test_autonomy_routes" name="test_invalid_schedule_interval_rejected" time="0.024" /><testcase classname="backend.tests.test_autonomy_routes" name="test_create_inbox_item_and_cancel" time="0.030" /><testcase classname="backend.tests.test_autonomy_routes" name="test_inbox_status_filter_rejects_invalid_value" time="0.030" /><testcase classname="backend.tests.test_autonomy_routes" name="test_status_and_checkpoints_surface" time="0.078" /><testcase classname="backend.tests.test_autonomy_routes" name="test_invalid_mode_rejected" time="0.060" /><testcase classname="backend.tests.test_autonomy_routes" name="test_workspace_snapshot_empty_state" time="0.045" /><testcase classname="backend.tests.test_autonomy_routes" name="test_workspace_snapshot_agent_and_schedule_present" time="0.051" /><testcase classname="backend.tests.test_autonomy_routes" name="test_workspace_snapshot_run_status_fields_present" time="0.038" /><testcase classname="backend.tests.test_autonomy_routes" name="test_workspace_snapshot_kill_switch_visible" time="0.029" /><testcase classname="backend.tests.test_autonomy_routes" name="test_workspace_snapshot_escalation_in_section" time="0.036" /><testcase classname="backend.tests.test_autonomy_resume" name="test_checkpoint_persists_run_linkage" time="0.008" /><testcase classname="backend.tests.test_autonomy_resume" name="test_restart_reloads_checkpoint_from_storage" time="0.008" /><testcase classname="backend.tests.test_autonomy_resume" name="test_restart_does_not_duplicate_run_for_same_trigger" time="0.014" /><testcase classname="backend.tests.test_autonomy_budgets" name="test_max_steps_per_run_triggers_budget_exceeded" time="0.012" /><testcase classname="backend.tests.test_autonomy_budgets" name="test_max_retries_per_step_triggers_budget_exceeded" time="0.013" /><testcase classname="backend.tests.test_autonomy_budgets" name="test_deadman_timeout_triggers_stop_deadman" time="0.024" /><testcase classname="backend.tests.test_autonomy_events" name="test_autonomy_events_land_in_existing_event_log" time="0.074" /><testcase classname="backend.tests.test_autonomy_events" name="test_events_api_exposes_autonomy_events" time="0.073" /><testcase classname="backend.tests.test_autonomy_events" name="test_linked_run_exposes_autonomy_metadata" time="0.061" /><testcase classname="backend.tests.test_autonomy_events" name="test_observe_tick_emits_autonomy_run_observed" time="0.043" /><testcase classname="backend.tests.test_autonomy_kill_switch" name="test_kill_switch_blocks_new_triggers" time="0.004" /><testcase classname="backend.tests.test_autonomy_kill_switch" name="test_kill_switch_blocks_continuation" time="0.009" /><testcase classname="backend.tests.test_autonomy_kill_switch" name="test_unkill_restores_trigger_acceptance" time="0.009" /><testcase classname="backend.tests.test_autonomy_dedupe" name="test_duplicate_dedupe_key_is_rejected_after_launch" time="0.007" /><testcase classname="backend.tests.test_autonomy_dedupe" name="test_restart_does_not_relaunch_same_dedupe_key" time="0.005" /><testcase classname="backend.tests.test_autonomy_dedupe" name="test_repeated_ticks_do_not_relaunch_same_trigger" time="0.011" /><testcase classname="backend.tests.test_autonomy_lifecycle" name="test_start_loop_single_instance_guard" time="0.002" /><testcase classname="backend.tests.test_autonomy_lifecycle" name="test_loop_actually_ticks" time="0.061" /><testcase classname="backend.tests.test_autonomy_lifecycle" name="test_stop_loop_without_start_is_noop" time="0.001" /><testcase classname="backend.tests.test_autonomy_style_profile" name="test_builtin_profiles_load_correctly" time="0.000" /><testcase classname="backend.tests.test_autonomy_style_profile" name="test_profile_limits_are_enforced" time="0.000" /><testcase classname="backend.tests.test_autonomy_style_profile" name="test_dawson_like_profile_biases_novelty_pattern_and_compression" time="0.000" /><testcase classname="backend.tests.test_autonomy_attention_controller" name="test_urgent_interrupt_switches_only_when_checkpoint_is_safe" time="0.000" /><testcase classname="backend.tests.test_autonomy_attention_controller" name="test_hyperfocus_suppresses_low_value_branch_creation" time="0.000" /><testcase classname="backend.tests.test_autonomy_attention_controller" name="test_max_branch_count_is_enforced" time="0.000" /><testcase classname="backend.tests.test_autonomy_attention_controller" name="test_forced_reanchor_happens_on_interval" time="0.000" /><testcase classname="backend.tests.test_autonomy_attention_controller" name="test_novelty_budget_exhaustion_blocks_new_branches" time="0.000" /><testcase classname="backend.tests.test_autonomy_reanchor" name="test_reanchor_summary_contains_primary_current_blocked_and_next_action" time="0.000" /><testcase classname="backend.tests.test_autonomy_reanchor" name="test_reanchor_summary_updates_after_branch_switch" time="0.000" /><testcase classname="backend.tests.test_autonomy_reanchor" name="test_restart_preserves_or_rebuilds_reanchor_state_correctly" time="0.000" /></testsuite></testsuites>