<?xml version="1.0" encoding="utf-8"?><testsuites name="pytest tests"><testsuite name="pytest" errors="0" failures="0" skipped="0" tests="18" time="1.182" timestamp="2026-04-25T02:55:20.497475-06:00" hostname="Mac.gateway.sasktel.net"><testcase classname="backend.tests.test_contract_conformance" name="test_backend_root_contract" time="0.050" /><testcase classname="backend.tests.test_contract_conformance" name="test_status_create_contract" time="0.069" /><testcase classname="backend.tests.test_contract_conformance" name="test_status_list_contract" time="0.036" /><testcase classname="backend.tests.test_contract_conformance" name="test_subsystems_contract" time="0.057" /><testcase classname="backend.tests.test_contract_conformance" name="test_hca_run_create_contract" time="0.078" /><testcase classname="backend.tests.test_contract_conformance" name="test_hca_run_detail_contract" time="0.094" /><testcase classname="backend.tests.test_contract_conformance" name="test_hca_run_detail_contract_with_pending_approval" time="0.094" /><testcase classname="backend.tests.test_contract_conformance" name="test_hca_approve_contract" time="0.072" /><testcase classname="backend.tests.test_contract_conformance" name="test_hca_deny_contract" time="0.055" /><testcase classname="backend.tests.test_contract_conformance" name="test_hca_runs_list_contract" time="0.039" /><testcase classname="backend.tests.test_contract_conformance" name="test_hca_run_events_contract" time="0.029" /><testcase classname="backend.tests.test_contract_conformance" name="test_hca_run_artifacts_contract" time="0.119" /><testcase classname="backend.tests.test_contract_conformance" name="test_backend_memory_retrieve_contract" time="0.075" /><testcase classname="backend.tests.test_contract_conformance" name="test_backend_memory_list_contract" time="0.073" /><testcase classname="backend.tests.test_contract_conformance" name="test_backend_memory_delete_contract" time="0.055" /><testcase classname="backend.tests.test_contract_conformance" name="test_backend_memory_maintain_contract" time="0.046" /><testcase classname="backend.tests.test_contract_conformance" name="test_sidecar_memory_ingest_contract" time="0.016" /><testcase classname="backend.tests.test_contract_conformance" name="test_sidecar_health_contract" time="0.012" /></testsuite></testsuites>