<?xml version="1.0" encoding="utf-8"?><testsuites name="pytest tests"><testsuite name="pytest" errors="0" failures="0" skipped="0" tests="18" time="0.652" timestamp="2026-04-26T02:28:53.067978-06:00" hostname="Mac.gateway.sasktel.net"><testcase classname="backend.tests.test_contract_conformance" name="test_backend_root_contract" time="0.030" /><testcase classname="backend.tests.test_contract_conformance" name="test_status_create_contract" time="0.048" /><testcase classname="backend.tests.test_contract_conformance" name="test_status_list_contract" time="0.026" /><testcase classname="backend.tests.test_contract_conformance" name="test_subsystems_contract" time="0.025" /><testcase classname="backend.tests.test_contract_conformance" name="test_hca_run_create_contract" time="0.046" /><testcase classname="backend.tests.test_contract_conformance" name="test_hca_run_detail_contract" time="0.045" /><testcase classname="backend.tests.test_contract_conformance" name="test_hca_run_detail_contract_with_pending_approval" time="0.045" /><testcase classname="backend.tests.test_contract_conformance" name="test_hca_approve_contract" time="0.070" /><testcase classname="backend.tests.test_contract_conformance" name="test_hca_deny_contract" time="0.061" /><testcase classname="backend.tests.test_contract_conformance" name="test_hca_runs_list_contract" time="0.031" /><testcase classname="backend.tests.test_contract_conformance" name="test_hca_run_events_contract" time="0.027" /><testcase classname="backend.tests.test_contract_conformance" name="test_hca_run_artifacts_contract" time="0.028" /><testcase classname="backend.tests.test_contract_conformance" name="test_backend_memory_retrieve_contract" time="0.023" /><testcase classname="backend.tests.test_contract_conformance" name="test_backend_memory_list_contract" time="0.023" /><testcase classname="backend.tests.test_contract_conformance" name="test_backend_memory_delete_contract" time="0.022" /><testcase classname="backend.tests.test_contract_conformance" name="test_backend_memory_maintain_contract" time="0.023" /><testcase classname="backend.tests.test_contract_conformance" name="test_sidecar_memory_ingest_contract" time="0.007" /><testcase classname="backend.tests.test_contract_conformance" name="test_sidecar_health_contract" time="0.002" /></testsuite></testsuites>