{"numTotalTestSuites":23,"numPassedTestSuites":23,"numFailedTestSuites":0,"numPendingTestSuites":0,"numTotalTests":70,"numPassedTests":70,"numFailedTests":0,"numPendingTests":0,"numTodoTests":0,"snapshot":{"added":0,"failure":false,"filesAdded":0,"filesRemoved":0,"filesRemovedList":[],"filesUnmatched":0,"filesUpdated":0,"matched":0,"total":0,"unchecked":0,"uncheckedKeysByFile":[],"unmatched":0,"updated":0,"didUpdate":false},"startTime":1777189091764,"success":true,"testResults":[{"assertionResults":[{"ancestorTitles":[],"fullName":"keeps run selection synced while switching between all operator workspaces","status":"passed","title":"keeps run selection synced while switching between all operator workspaces","duration":3088.9998750000004,"failureMessages":[],"meta":{}}],"startTime":1777189094990,"endTime":1777189098078.9998,"status":"passed","message":"","name":"/Users/dawsonblock/Downloads/HysightX/frontend/src/App.test.js"},{"assertionResults":[{"ancestorTitles":[],"fullName":"renders the rich operator summary after a streamed run completes","status":"passed","title":"renders the rich operator summary after a streamed run completes","duration":2116.493667,"failureMessages":[],"meta":{}}],"startTime":1777189094994,"endTime":1777189097110.4937,"status":"passed","message":"","name":"/Users/dawsonblock/Downloads/HysightX/frontend/src/components/HCAChat.test.js"},{"assertionResults":[{"ancestorTitles":[],"fullName":"shows a selected memory inspector and closes on Escape","status":"passed","title":"shows a selected memory inspector and closes on Escape","duration":454.7926669999997,"failureMessages":[],"meta":{}},{"ancestorTitles":[],"fullName":"supports an embedded workspace mode without modal dismissal","status":"passed","title":"supports an embedded workspace mode without modal dismissal","duration":22.641167000000223,"failureMessages":[],"meta":{}}],"startTime":1777189094915,"endTime":1777189095392.641,"status":"passed","message":"","name":"/Users/dawsonblock/Downloads/HysightX/frontend/src/components/MemoryBrowser.test.js"},{"assertionResults":[{"ancestorTitles":[],"fullName":"renders replay-backed overview fields and filters the run list","status":"passed","title":"renders replay-backed overview fields and filters the run list","duration":1985.0244579999999,"failureMessages":[],"meta":{}},{"ancestorTitles":[],"fullName":"renders subsystem health and approval context for pending runs","status":"passed","title":"renders subsystem health and approval context for pending runs","duration":412.15516600000046,"failureMessages":[],"meta":{}},{"ancestorTitles":[],"fullName":"restores the events tab and filters event inspection results","status":"passed","title":"restores the events tab and filters event inspection results","duration":305.3873330000006,"failureMessages":[],"meta":{}},{"ancestorTitles":[],"fullName":"filters artifacts and loads the selected artifact detail","status":"passed","title":"filters artifacts and loads the selected artifact detail","duration":619.0041250000004,"failureMessages":[],"meta":{}},{"ancestorTitles":[],"fullName":"allows approving a pending run directly from the replay console","status":"passed","title":"allows approving a pending run directly from the replay console","duration":100.91679199999999,"failureMessages":[],"meta":{}},{"ancestorTitles":[],"fullName":"allows denying a pending run directly from the replay console","status":"passed","title":"allows denying a pending run directly from the replay console","duration":172.37133399999948,"failureMessages":[],"meta":{}}],"startTime":1777189094989,"endTime":1777189098584.3713,"status":"passed","message":"","name":"/Users/dawsonblock/Downloads/HysightX/frontend/src/components/OperatorConsole.test.js"},{"assertionResults":[{"ancestorTitles":["api.js route contracts"],"fullName":"api.js route contracts getRunSummary calls /api/hca/run/{id}","status":"passed","title":"getRunSummary calls /api/hca/run/{id}","duration":13.357749999999896,"failureMessages":[],"meta":{}},{"ancestorTitles":["api.js route contracts"],"fullName":"api.js route contracts listRunEvents calls /api/hca/run/{id}/events","status":"passed","title":"listRunEvents calls /api/hca/run/{id}/events","duration":4.963375000000042,"failureMessages":[],"meta":{}},{"ancestorTitles":["api.js route contracts"],"fullName":"api.js route contracts listRunArtifacts calls /api/hca/run/{id}/artifacts","status":"passed","title":"listRunArtifacts calls /api/hca/run/{id}/artifacts","duration":4.133542000000034,"failureMessages":[],"meta":{}},{"ancestorTitles":["api.js route contracts"],"fullName":"api.js route contracts getRunArtifactDetail calls /api/hca/run/{id}/artifacts/{artifactId}","status":"passed","title":"getRunArtifactDetail calls /api/hca/run/{id}/artifacts/{artifactId}","duration":8.747209000000112,"failureMessages":[],"meta":{}}],"startTime":1777189098836,"endTime":1777189098866.7473,"status":"passed","message":"","name":"/Users/dawsonblock/Downloads/HysightX/frontend/src/lib/api.routes.test.js"},{"assertionResults":[{"ancestorTitles":["frontend API client boundary"],"fullName":"frontend API client boundary normalizes the configured backend URL into the shared API base","status":"passed","title":"normalizes the configured backend URL into the shared API base","duration":324.70629099999996,"failureMessages":[],"meta":{}},{"ancestorTitles":["frontend API client boundary"],"fullName":"frontend API client boundary listRuns sends the canonical query parameters and validates the response","status":"passed","title":"listRuns sends the canonical query parameters and validates the response","duration":44.77670799999987,"failureMessages":[],"meta":{}},{"ancestorTitles":["frontend API client boundary"],"fullName":"frontend API client boundary getRunSummary validates a realistic replay-backed run payload","status":"passed","title":"getRunSummary validates a realistic replay-backed run payload","duration":17.572749999999814,"failureMessages":[],"meta":{}},{"ancestorTitles":["frontend API client boundary"],"fullName":"frontend API client boundary decideRunApproval posts to the canonical approval route and validates the summary","status":"passed","title":"decideRunApproval posts to the canonical approval route and validates the summary","duration":24.009708000000046,"failureMessages":[],"meta":{}},{"ancestorTitles":["frontend API client boundary"],"fullName":"frontend API client boundary listRunEvents validates the event boundary","status":"passed","title":"listRunEvents validates the event boundary","duration":16.015124999999898,"failureMessages":[],"meta":{}},{"ancestorTitles":["frontend API client boundary"],"fullName":"frontend API client boundary artifact list and detail helpers validate realistic payloads","status":"passed","title":"artifact list and detail helpers validate realistic payloads","duration":71.01891699999987,"failureMessages":[],"meta":{}},{"ancestorTitles":["frontend API client boundary"],"fullName":"frontend API client boundary getSubsystems reads the canonical subsystem endpoint and validates the response","status":"passed","title":"getSubsystems reads the canonical subsystem endpoint and validates the response","duration":24.856874999999945,"failureMessages":[],"meta":{}},{"ancestorTitles":["frontend API client boundary"],"fullName":"frontend API client boundary memory list and delete helpers validate realistic payloads","status":"passed","title":"memory list and delete helpers validate realistic payloads","duration":20.36333300000024,"failureMessages":[],"meta":{}},{"ancestorTitles":["frontend API client boundary"],"fullName":"frontend API client boundary fetchJson rejects an unexpected response shape from the backend boundary","status":"passed","title":"fetchJson rejects an unexpected response shape from the backend boundary","duration":13.459375000000364,"failureMessages":[],"meta":{}}],"startTime":1777189094449,"endTime":1777189095006.4595,"status":"passed","message":"","name":"/Users/dawsonblock/Downloads/HysightX/frontend/src/lib/api.test.js"},{"assertionResults":[{"ancestorTitles":["autonomy API client boundary"],"fullName":"autonomy API client boundary autonomy status and agent list helpers validate dedicated backend routes","status":"passed","title":"autonomy status and agent list helpers validate dedicated backend routes","duration":253.60300000000007,"failureMessages":[],"meta":{}},{"ancestorTitles":["autonomy API client boundary"],"fullName":"autonomy API client boundary autonomy kill switch and agent action helpers post to canonical control routes","status":"passed","title":"autonomy kill switch and agent action helpers post to canonical control routes","duration":33.39933400000018,"failureMessages":[],"meta":{}},{"ancestorTitles":["autonomy API client boundary"],"fullName":"autonomy API client boundary getAutonomyWorkspace fetches the aggregate snapshot endpoint","status":"passed","title":"getAutonomyWorkspace fetches the aggregate snapshot endpoint","duration":51.419666000000234,"failureMessages":[],"meta":{}}],"startTime":1777189097643,"endTime":1777189097981.4197,"status":"passed","message":"","name":"/Users/dawsonblock/Downloads/HysightX/frontend/src/lib/autonomy-api.test.js"},{"assertionResults":[{"ancestorTitles":[],"fullName":"renders backend autonomy status, style state, and replay links","status":"passed","title":"renders backend autonomy status, style state, and replay links","duration":1639.9195420000005,"failureMessages":[],"meta":{}},{"ancestorTitles":[],"fullName":"shows confirmation for kill switch changes and calls the backend","status":"passed","title":"shows confirmation for kill switch changes and calls the backend","duration":1385.076583,"failureMessages":[],"meta":{}},{"ancestorTitles":[],"fullName":"calls agent control endpoints and degrades missing optional fields gracefully","status":"passed","title":"calls agent control endpoints and degrades missing optional fields gracefully","duration":258.72216599999956,"failureMessages":[],"meta":{}}],"startTime":1777189095589,"endTime":1777189098872.7222,"status":"passed","message":"","name":"/Users/dawsonblock/Downloads/HysightX/frontend/src/features/autonomy/AutonomyWorkspace.test.js"},{"assertionResults":[{"ancestorTitles":[],"fullName":"shows a degraded backend banner when the controller reports panel failures","status":"passed","title":"shows a degraded backend banner when the controller reports panel failures","duration":159.14879199999996,"failureMessages":[],"meta":{}},{"ancestorTitles":[],"fullName":"shows a stale-data banner when the controller reports stale autonomy state","status":"passed","title":"shows a stale-data banner when the controller reports stale autonomy state","duration":63.72425000000021,"failureMessages":[],"meta":{}}],"startTime":1777189095499,"endTime":1777189095721.7244,"status":"passed","message":"","name":"/Users/dawsonblock/Downloads/HysightX/frontend/src/features/autonomy/AutonomyWorkspaceBanner.test.js"},{"assertionResults":[{"ancestorTitles":[],"fullName":"renders agent controls and routes pause and stop actions","status":"passed","title":"renders agent controls and routes pause and stop actions","duration":322.23295899999994,"failureMessages":[],"meta":{}},{"ancestorTitles":[],"fullName":"submits the create-agent form through the parent handler","status":"passed","title":"submits the create-agent form through the parent handler","duration":110.86466599999994,"failureMessages":[],"meta":{}}],"startTime":1777189094845,"endTime":1777189095277.8647,"status":"passed","message":"","name":"/Users/dawsonblock/Downloads/HysightX/frontend/src/features/autonomy/components/AgentsPanel.test.js"},{"assertionResults":[{"ancestorTitles":[],"fullName":"shows degraded run-state messages and routes replay through the existing run surface","status":"passed","title":"shows degraded run-state messages and routes replay through the existing run surface","duration":304.13812499999995,"failureMessages":[],"meta":{}}],"startTime":1777189098094,"endTime":1777189098398.1382,"status":"passed","message":"","name":"/Users/dawsonblock/Downloads/HysightX/frontend/src/features/autonomy/components/AutonomyRunsPanel.test.js"},{"assertionResults":[{"ancestorTitles":[],"fullName":"renders the supervisor status section title","status":"passed","title":"renders the supervisor status section title","duration":106.25412499999993,"failureMessages":[],"meta":{}},{"ancestorTitles":[],"fullName":"shows loading message when loading and no status available","status":"passed","title":"shows loading message when loading and no status available","duration":1.6134999999999309,"failureMessages":[],"meta":{}},{"ancestorTitles":[],"fullName":"shows error message when provided","status":"passed","title":"shows error message when provided","duration":11.050332999999682,"failureMessages":[],"meta":{}},{"ancestorTitles":[],"fullName":"shows fallback when status is null and not loading","status":"passed","title":"shows fallback when status is null and not loading","duration":1.6867919999999685,"failureMessages":[],"meta":{}},{"ancestorTitles":[],"fullName":"renders metric cards from backend status","status":"passed","title":"renders metric cards from backend status","duration":3.173000000000229,"failureMessages":[],"meta":{}}],"startTime":1777189097931,"endTime":1777189098055.173,"status":"passed","message":"","name":"/Users/dawsonblock/Downloads/HysightX/frontend/src/features/autonomy/components/AutonomyStatusHeader.test.js"},{"assertionResults":[{"ancestorTitles":[],"fullName":"shows empty state when no budgets returned","status":"passed","title":"shows empty state when no budgets returned","duration":28.432166999999936,"failureMessages":[],"meta":{}},{"ancestorTitles":[],"fullName":"shows resource error when provided","status":"passed","title":"shows resource error when provided","duration":7.023624999999811,"failureMessages":[],"meta":{}},{"ancestorTitles":[],"fullName":"renders budget ledger row with agent id","status":"passed","title":"renders budget ledger row with agent id","duration":11.35366699999986,"failureMessages":[],"meta":{}},{"ancestorTitles":[],"fullName":"shows Kill switch active in Deadman column when kill switch is active","status":"passed","title":"shows Kill switch active in Deadman column when kill switch is active","duration":2.337957999999844,"failureMessages":[],"meta":{}}],"startTime":1777189098715,"endTime":1777189098764.338,"status":"passed","message":"","name":"/Users/dawsonblock/Downloads/HysightX/frontend/src/features/autonomy/components/BudgetPanel.test.js"},{"assertionResults":[{"ancestorTitles":[],"fullName":"shows empty state when no checkpoints returned","status":"passed","title":"shows empty state when no checkpoints returned","duration":175.18708300000026,"failureMessages":[],"meta":{}},{"ancestorTitles":[],"fullName":"shows resource error when provided","status":"passed","title":"shows resource error when provided","duration":107.53679199999988,"failureMessages":[],"meta":{}},{"ancestorTitles":[],"fullName":"Replay button calls onOpenRun with run_id","status":"passed","title":"Replay button calls onOpenRun with run_id","duration":177.87629199999992,"failureMessages":[],"meta":{}},{"ancestorTitles":[],"fullName":"shows No run linked when checkpoint has no run_id","status":"passed","title":"shows No run linked when checkpoint has no run_id","duration":7.7903339999998025,"failureMessages":[],"meta":{}}],"startTime":1777189097756,"endTime":1777189098224.7903,"status":"passed","message":"","name":"/Users/dawsonblock/Downloads/HysightX/frontend/src/features/autonomy/components/CheckpointsPanel.test.js"},{"assertionResults":[{"ancestorTitles":[],"fullName":"shows empty state when no escalations returned","status":"passed","title":"shows empty state when no escalations returned","duration":68.95516700000007,"failureMessages":[],"meta":{}},{"ancestorTitles":[],"fullName":"shows resource error when provided","status":"passed","title":"shows resource error when provided","duration":11.163290999999845,"failureMessages":[],"meta":{}},{"ancestorTitles":[],"fullName":"Open replay button calls onOpenRun with run_id","status":"passed","title":"Open replay button calls onOpenRun with run_id","duration":321.8864160000003,"failureMessages":[],"meta":{}},{"ancestorTitles":[],"fullName":"shows No run link when escalation has no run_id","status":"passed","title":"shows No run link when escalation has no run_id","duration":18.65212500000007,"failureMessages":[],"meta":{}}],"startTime":1777189094846,"endTime":1777189095266.652,"status":"passed","message":"","name":"/Users/dawsonblock/Downloads/HysightX/frontend/src/features/autonomy/components/EscalationsPanel.test.js"},{"assertionResults":[{"ancestorTitles":[],"fullName":"shows empty state when no inbox items returned","status":"passed","title":"shows empty state when no inbox items returned","duration":66.40575000000035,"failureMessages":[],"meta":{}},{"ancestorTitles":[],"fullName":"shows resource error when provided","status":"passed","title":"shows resource error when provided","duration":5.101333999999952,"failureMessages":[],"meta":{}},{"ancestorTitles":[],"fullName":"Cancel button calls onCancel for an active item","status":"passed","title":"Cancel button calls onCancel for an active item","duration":210.03583400000025,"failureMessages":[],"meta":{}},{"ancestorTitles":[],"fullName":"Cancel button is disabled when item is already cancelled","status":"passed","title":"Cancel button is disabled when item is already cancelled","duration":17.843624999999975,"failureMessages":[],"meta":{}}],"startTime":1777189094848,"endTime":1777189095146.8435,"status":"passed","message":"","name":"/Users/dawsonblock/Downloads/HysightX/frontend/src/features/autonomy/components/InboxPanel.test.js"},{"assertionResults":[{"ancestorTitles":[],"fullName":"opens dialog on Kill autonomy and calls onSetKillSwitch with reason","status":"passed","title":"opens dialog on Kill autonomy and calls onSetKillSwitch with reason","duration":1776.3472499999998,"failureMessages":[],"meta":{}},{"ancestorTitles":[],"fullName":"opens dialog on Clear kill switch and calls onSetKillSwitch with null reason","status":"passed","title":"opens dialog on Clear kill switch and calls onSetKillSwitch with null reason","duration":90.09545800000069,"failureMessages":[],"meta":{}},{"ancestorTitles":[],"fullName":"cancel closes the dialog without calling onSetKillSwitch","status":"passed","title":"cancel closes the dialog without calling onSetKillSwitch","duration":105.89900000000034,"failureMessages":[],"meta":{}}],"startTime":1777189095384,"endTime":1777189097356.899,"status":"passed","message":"","name":"/Users/dawsonblock/Downloads/HysightX/frontend/src/features/autonomy/components/KillSwitchBar.test.js"},{"assertionResults":[{"ancestorTitles":[],"fullName":"shows empty state when no schedules returned","status":"passed","title":"shows empty state when no schedules returned","duration":71.01358299999993,"failureMessages":[],"meta":{}},{"ancestorTitles":[],"fullName":"shows resource error when provided","status":"passed","title":"shows resource error when provided","duration":68.65445900000032,"failureMessages":[],"meta":{}},{"ancestorTitles":[],"fullName":"renders schedule row with Enable and Disable buttons","status":"passed","title":"renders schedule row with Enable and Disable buttons","duration":226.48012500000004,"failureMessages":[],"meta":{}},{"ancestorTitles":[],"fullName":"Enable button calls onEnable for a disabled schedule","status":"passed","title":"Enable button calls onEnable for a disabled schedule","duration":17.9604589999999,"failureMessages":[],"meta":{}}],"startTime":1777189098075,"endTime":1777189098458.9604,"status":"passed","message":"","name":"/Users/dawsonblock/Downloads/HysightX/frontend/src/features/autonomy/components/SchedulesPanel.test.js"},{"assertionResults":[{"ancestorTitles":[],"fullName":"renders nothing when selectedRunSummary is null","status":"passed","title":"renders nothing when selectedRunSummary is null","duration":9.109375,"failureMessages":[],"meta":{}},{"ancestorTitles":[],"fullName":"renders run_id when summary is provided","status":"passed","title":"renders run_id when summary is provided","duration":15.296707999999967,"failureMessages":[],"meta":{}},{"ancestorTitles":[],"fullName":"renders formatted state label","status":"passed","title":"renders formatted state label","duration":1.988958000000025,"failureMessages":[],"meta":{}},{"ancestorTitles":[],"fullName":"renders goal text","status":"passed","title":"renders goal text","duration":1.4696669999999585,"failureMessages":[],"meta":{}}],"startTime":1777189098970,"endTime":1777189098998.4697,"status":"passed","message":"","name":"/Users/dawsonblock/Downloads/HysightX/frontend/src/features/autonomy/components/SelectedRunPanel.test.js"},{"assertionResults":[{"ancestorTitles":[],"fullName":"shows empty state when no agents available","status":"passed","title":"shows empty state when no agents available","duration":21.428666999999905,"failureMessages":[],"meta":{}},{"ancestorTitles":[],"fullName":"renders Current attention mode label from autonomyStatus","status":"passed","title":"renders Current attention mode label from autonomyStatus","duration":81.64658299999996,"failureMessages":[],"meta":{}},{"ancestorTitles":[],"fullName":"renders agent row with style_profile_id from latest checkpoint","status":"passed","title":"renders agent row with style_profile_id from latest checkpoint","duration":3.1240000000000236,"failureMessages":[],"meta":{}},{"ancestorTitles":[],"fullName":"renders agent row with fallback style_profile_id from agent when no checkpoint","status":"passed","title":"renders agent row with fallback style_profile_id from agent when no checkpoint","duration":2.264750000000049,"failureMessages":[],"meta":{}}],"startTime":1777189098356,"endTime":1777189098464.2646,"status":"passed","message":"","name":"/Users/dawsonblock/Downloads/HysightX/frontend/src/features/autonomy/components/StyleStatePanel.test.js"}]}