{"numTotalTestSuites":23,"numPassedTestSuites":23,"numFailedTestSuites":0,"numPendingTestSuites":0,"numTotalTests":70,"numPassedTests":70,"numFailedTests":0,"numPendingTests":0,"numTodoTests":0,"snapshot":{"added":0,"failure":false,"filesAdded":0,"filesRemoved":0,"filesRemovedList":[],"filesUnmatched":0,"filesUpdated":0,"matched":0,"total":0,"unchecked":0,"uncheckedKeysByFile":[],"unmatched":0,"updated":0,"didUpdate":false},"startTime":1777192821224,"success":true,"testResults":[{"assertionResults":[{"ancestorTitles":[],"fullName":"keeps run selection synced while switching between all operator workspaces","status":"passed","title":"keeps run selection synced while switching between all operator workspaces","duration":3990.1944170000006,"failureMessages":[],"meta":{}}],"startTime":1777192824244,"endTime":1777192828234.1943,"status":"passed","message":"","name":"/Users/dawsonblock/Downloads/HysightX/frontend/src/App.test.js"},{"assertionResults":[{"ancestorTitles":["api.js route contracts"],"fullName":"api.js route contracts getRunSummary calls /api/hca/run/{id}","status":"passed","title":"getRunSummary calls /api/hca/run/{id}","duration":15.46566699999994,"failureMessages":[],"meta":{}},{"ancestorTitles":["api.js route contracts"],"fullName":"api.js route contracts listRunEvents calls /api/hca/run/{id}/events","status":"passed","title":"listRunEvents calls /api/hca/run/{id}/events","duration":5.906208000000106,"failureMessages":[],"meta":{}},{"ancestorTitles":["api.js route contracts"],"fullName":"api.js route contracts listRunArtifacts calls /api/hca/run/{id}/artifacts","status":"passed","title":"listRunArtifacts calls /api/hca/run/{id}/artifacts","duration":6.94337500000006,"failureMessages":[],"meta":{}},{"ancestorTitles":["api.js route contracts"],"fullName":"api.js route contracts getRunArtifactDetail calls /api/hca/run/{id}/artifacts/{artifactId}","status":"passed","title":"getRunArtifactDetail calls /api/hca/run/{id}/artifacts/{artifactId}","duration":10.167957999999999,"failureMessages":[],"meta":{}}],"startTime":1777192828918,"endTime":1777192828956.168,"status":"passed","message":"","name":"/Users/dawsonblock/Downloads/HysightX/frontend/src/lib/api.routes.test.js"},{"assertionResults":[{"ancestorTitles":["frontend API client boundary"],"fullName":"frontend API client boundary normalizes the configured backend URL into the shared API base","status":"passed","title":"normalizes the configured backend URL into the shared API base","duration":235.66750000000002,"failureMessages":[],"meta":{}},{"ancestorTitles":["frontend API client boundary"],"fullName":"frontend API client boundary listRuns sends the canonical query parameters and validates the response","status":"passed","title":"listRuns sends the canonical query parameters and validates the response","duration":57.447791999999936,"failureMessages":[],"meta":{}},{"ancestorTitles":["frontend API client boundary"],"fullName":"frontend API client boundary getRunSummary validates a realistic replay-backed run payload","status":"passed","title":"getRunSummary validates a realistic replay-backed run payload","duration":29.245957999999973,"failureMessages":[],"meta":{}},{"ancestorTitles":["frontend API client boundary"],"fullName":"frontend API client boundary decideRunApproval posts to the canonical approval route and validates the summary","status":"passed","title":"decideRunApproval posts to the canonical approval route and validates the summary","duration":78.37687499999993,"failureMessages":[],"meta":{}},{"ancestorTitles":["frontend API client boundary"],"fullName":"frontend API client boundary listRunEvents validates the event boundary","status":"passed","title":"listRunEvents validates the event boundary","duration":7.20962499999996,"failureMessages":[],"meta":{}},{"ancestorTitles":["frontend API client boundary"],"fullName":"frontend API client boundary artifact list and detail helpers validate realistic payloads","status":"passed","title":"artifact list and detail helpers validate realistic payloads","duration":10.799375000000055,"failureMessages":[],"meta":{}},{"ancestorTitles":["frontend API client boundary"],"fullName":"frontend API client boundary getSubsystems reads the canonical subsystem endpoint and validates the response","status":"passed","title":"getSubsystems reads the canonical subsystem endpoint and validates the response","duration":25.260874999999942,"failureMessages":[],"meta":{}},{"ancestorTitles":["frontend API client boundary"],"fullName":"frontend API client boundary memory list and delete helpers validate realistic payloads","status":"passed","title":"memory list and delete helpers validate realistic payloads","duration":8.284583000000111,"failureMessages":[],"meta":{}},{"ancestorTitles":["frontend API client boundary"],"fullName":"frontend API client boundary fetchJson rejects an unexpected response shape from the backend boundary","status":"passed","title":"fetchJson rejects an unexpected response shape from the backend boundary","duration":9.74474999999984,"failureMessages":[],"meta":{}}],"startTime":1777192823995,"endTime":1777192824457.7446,"status":"passed","message":"","name":"/Users/dawsonblock/Downloads/HysightX/frontend/src/lib/api.test.js"},{"assertionResults":[{"ancestorTitles":["autonomy API client boundary"],"fullName":"autonomy API client boundary autonomy status and agent list helpers validate dedicated backend routes","status":"passed","title":"autonomy status and agent list helpers validate dedicated backend routes","duration":50.230167000000165,"failureMessages":[],"meta":{}},{"ancestorTitles":["autonomy API client boundary"],"fullName":"autonomy API client boundary autonomy kill switch and agent action helpers post to canonical control routes","status":"passed","title":"autonomy kill switch and agent action helpers post to canonical control routes","duration":4.214042000000063,"failureMessages":[],"meta":{}},{"ancestorTitles":["autonomy API client boundary"],"fullName":"autonomy API client boundary getAutonomyWorkspace fetches the aggregate snapshot endpoint","status":"passed","title":"getAutonomyWorkspace fetches the aggregate snapshot endpoint","duration":9.719167000000198,"failureMessages":[],"meta":{}}],"startTime":1777192828370,"endTime":1777192828434.7192,"status":"passed","message":"","name":"/Users/dawsonblock/Downloads/HysightX/frontend/src/lib/autonomy-api.test.js"},{"assertionResults":[{"ancestorTitles":[],"fullName":"renders the rich operator summary after a streamed run completes","status":"passed","title":"renders the rich operator summary after a streamed run completes","duration":1350.022916,"failureMessages":[],"meta":{}}],"startTime":1777192824341,"endTime":1777192825691.023,"status":"passed","message":"","name":"/Users/dawsonblock/Downloads/HysightX/frontend/src/components/HCAChat.test.js"},{"assertionResults":[{"ancestorTitles":[],"fullName":"shows a selected memory inspector and closes on Escape","status":"passed","title":"shows a selected memory inspector and closes on Escape","duration":516.0528749999999,"failureMessages":[],"meta":{}},{"ancestorTitles":[],"fullName":"supports an embedded workspace mode without modal dismissal","status":"passed","title":"supports an embedded workspace mode without modal dismissal","duration":12.48983300000009,"failureMessages":[],"meta":{}}],"startTime":1777192824303,"endTime":1777192824831.4897,"status":"passed","message":"","name":"/Users/dawsonblock/Downloads/HysightX/frontend/src/components/MemoryBrowser.test.js"},{"assertionResults":[{"ancestorTitles":[],"fullName":"renders replay-backed overview fields and filters the run list","status":"passed","title":"renders replay-backed overview fields and filters the run list","duration":2782.8328749999996,"failureMessages":[],"meta":{}},{"ancestorTitles":[],"fullName":"renders subsystem health and approval context for pending runs","status":"passed","title":"renders subsystem health and approval context for pending runs","duration":632.5740420000002,"failureMessages":[],"meta":{}},{"ancestorTitles":[],"fullName":"restores the events tab and filters event inspection results","status":"passed","title":"restores the events tab and filters event inspection results","duration":241.29854199999954,"failureMessages":[],"meta":{}},{"ancestorTitles":[],"fullName":"filters artifacts and loads the selected artifact detail","status":"passed","title":"filters artifacts and loads the selected artifact detail","duration":332.66183400000045,"failureMessages":[],"meta":{}},{"ancestorTitles":[],"fullName":"allows approving a pending run directly from the replay console","status":"passed","title":"allows approving a pending run directly from the replay console","duration":274.13770900000054,"failureMessages":[],"meta":{}},{"ancestorTitles":[],"fullName":"allows denying a pending run directly from the replay console","status":"passed","title":"allows denying a pending run directly from the replay console","duration":113.3658749999995,"failureMessages":[],"meta":{}}],"startTime":1777192824394,"endTime":1777192828771.366,"status":"passed","message":"","name":"/Users/dawsonblock/Downloads/HysightX/frontend/src/components/OperatorConsole.test.js"},{"assertionResults":[{"ancestorTitles":[],"fullName":"renders backend autonomy status, style state, and replay links","status":"passed","title":"renders backend autonomy status, style state, and replay links","duration":2459.231833,"failureMessages":[],"meta":{}},{"ancestorTitles":[],"fullName":"shows confirmation for kill switch changes and calls the backend","status":"passed","title":"shows confirmation for kill switch changes and calls the backend","duration":1430.9724170000009,"failureMessages":[],"meta":{}},{"ancestorTitles":[],"fullName":"calls agent control endpoints and degrades missing optional fields gracefully","status":"passed","title":"calls agent control endpoints and degrades missing optional fields gracefully","duration":188.95841699999983,"failureMessages":[],"meta":{}}],"startTime":1777192824863,"endTime":1777192828942.9585,"status":"passed","message":"","name":"/Users/dawsonblock/Downloads/HysightX/frontend/src/features/autonomy/AutonomyWorkspace.test.js"},{"assertionResults":[{"ancestorTitles":[],"fullName":"shows a degraded backend banner when the controller reports panel failures","status":"passed","title":"shows a degraded backend banner when the controller reports panel failures","duration":462.4715839999999,"failureMessages":[],"meta":{}},{"ancestorTitles":[],"fullName":"shows a stale-data banner when the controller reports stale autonomy state","status":"passed","title":"shows a stale-data banner when the controller reports stale autonomy state","duration":252.56012499999997,"failureMessages":[],"meta":{}}],"startTime":1777192824670,"endTime":1777192825384.56,"status":"passed","message":"","name":"/Users/dawsonblock/Downloads/HysightX/frontend/src/features/autonomy/AutonomyWorkspaceBanner.test.js"},{"assertionResults":[{"ancestorTitles":[],"fullName":"renders agent controls and routes pause and stop actions","status":"passed","title":"renders agent controls and routes pause and stop actions","duration":449.9843340000002,"failureMessages":[],"meta":{}},{"ancestorTitles":[],"fullName":"submits the create-agent form through the parent handler","status":"passed","title":"submits the create-agent form through the parent handler","duration":86.37562499999967,"failureMessages":[],"meta":{}}],"startTime":1777192828110,"endTime":1777192828646.3757,"status":"passed","message":"","name":"/Users/dawsonblock/Downloads/HysightX/frontend/src/features/autonomy/components/AgentsPanel.test.js"},{"assertionResults":[{"ancestorTitles":[],"fullName":"shows degraded run-state messages and routes replay through the existing run surface","status":"passed","title":"shows degraded run-state messages and routes replay through the existing run surface","duration":88.86524999999983,"failureMessages":[],"meta":{}}],"startTime":1777192828241,"endTime":1777192828329.8652,"status":"passed","message":"","name":"/Users/dawsonblock/Downloads/HysightX/frontend/src/features/autonomy/components/AutonomyRunsPanel.test.js"},{"assertionResults":[{"ancestorTitles":[],"fullName":"renders the supervisor status section title","status":"passed","title":"renders the supervisor status section title","duration":133.84900000000016,"failureMessages":[],"meta":{}},{"ancestorTitles":[],"fullName":"shows loading message when loading and no status available","status":"passed","title":"shows loading message when loading and no status available","duration":1.6463329999996859,"failureMessages":[],"meta":{}},{"ancestorTitles":[],"fullName":"shows error message when provided","status":"passed","title":"shows error message when provided","duration":4.1843330000001515,"failureMessages":[],"meta":{}},{"ancestorTitles":[],"fullName":"shows fallback when status is null and not loading","status":"passed","title":"shows fallback when status is null and not loading","duration":10.994208000000071,"failureMessages":[],"meta":{}},{"ancestorTitles":[],"fullName":"renders metric cards from backend status","status":"passed","title":"renders metric cards from backend status","duration":69.6279169999998,"failureMessages":[],"meta":{}}],"startTime":1777192827937,"endTime":1777192828157.628,"status":"passed","message":"","name":"/Users/dawsonblock/Downloads/HysightX/frontend/src/features/autonomy/components/AutonomyStatusHeader.test.js"},{"assertionResults":[{"ancestorTitles":[],"fullName":"shows empty state when no budgets returned","status":"passed","title":"shows empty state when no budgets returned","duration":70.86687499999994,"failureMessages":[],"meta":{}},{"ancestorTitles":[],"fullName":"shows resource error when provided","status":"passed","title":"shows resource error when provided","duration":14.622457999999824,"failureMessages":[],"meta":{}},{"ancestorTitles":[],"fullName":"renders budget ledger row with agent id","status":"passed","title":"renders budget ledger row with agent id","duration":13.571416000000227,"failureMessages":[],"meta":{}},{"ancestorTitles":[],"fullName":"shows Kill switch active in Deadman column when kill switch is active","status":"passed","title":"shows Kill switch active in Deadman column when kill switch is active","duration":31.906332999999904,"failureMessages":[],"meta":{}}],"startTime":1777192828705,"endTime":1777192828835.9062,"status":"passed","message":"","name":"/Users/dawsonblock/Downloads/HysightX/frontend/src/features/autonomy/components/BudgetPanel.test.js"},{"assertionResults":[{"ancestorTitles":[],"fullName":"shows empty state when no checkpoints returned","status":"passed","title":"shows empty state when no checkpoints returned","duration":70.6203330000003,"failureMessages":[],"meta":{}},{"ancestorTitles":[],"fullName":"shows resource error when provided","status":"passed","title":"shows resource error when provided","duration":3.805917000000136,"failureMessages":[],"meta":{}},{"ancestorTitles":[],"fullName":"Replay button calls onOpenRun with run_id","status":"passed","title":"Replay button calls onOpenRun with run_id","duration":330.7397920000003,"failureMessages":[],"meta":{}},{"ancestorTitles":[],"fullName":"shows No run linked when checkpoint has no run_id","status":"passed","title":"shows No run linked when checkpoint has no run_id","duration":9.565791999999874,"failureMessages":[],"meta":{}}],"startTime":1777192827986,"endTime":1777192828400.5657,"status":"passed","message":"","name":"/Users/dawsonblock/Downloads/HysightX/frontend/src/features/autonomy/components/CheckpointsPanel.test.js"},{"assertionResults":[{"ancestorTitles":[],"fullName":"shows empty state when no escalations returned","status":"passed","title":"shows empty state when no escalations returned","duration":110.61720799999966,"failureMessages":[],"meta":{}},{"ancestorTitles":[],"fullName":"shows resource error when provided","status":"passed","title":"shows resource error when provided","duration":4.509792000000289,"failureMessages":[],"meta":{}},{"ancestorTitles":[],"fullName":"Open replay button calls onOpenRun with run_id","status":"passed","title":"Open replay button calls onOpenRun with run_id","duration":355.866125,"failureMessages":[],"meta":{}},{"ancestorTitles":[],"fullName":"shows No run link when escalation has no run_id","status":"passed","title":"shows No run link when escalation has no run_id","duration":12.540166000000227,"failureMessages":[],"meta":{}}],"startTime":1777192824244,"endTime":1777192824727.5403,"status":"passed","message":"","name":"/Users/dawsonblock/Downloads/HysightX/frontend/src/features/autonomy/components/EscalationsPanel.test.js"},{"assertionResults":[{"ancestorTitles":[],"fullName":"shows empty state when no inbox items returned","status":"passed","title":"shows empty state when no inbox items returned","duration":119.04491699999971,"failureMessages":[],"meta":{}},{"ancestorTitles":[],"fullName":"shows resource error when provided","status":"passed","title":"shows resource error when provided","duration":10.531082999999853,"failureMessages":[],"meta":{}},{"ancestorTitles":[],"fullName":"Cancel button calls onCancel for an active item","status":"passed","title":"Cancel button calls onCancel for an active item","duration":183.42974999999979,"failureMessages":[],"meta":{}},{"ancestorTitles":[],"fullName":"Cancel button is disabled when item is already cancelled","status":"passed","title":"Cancel button is disabled when item is already cancelled","duration":10.788958999999977,"failureMessages":[],"meta":{}}],"startTime":1777192824242,"endTime":1777192824565.789,"status":"passed","message":"","name":"/Users/dawsonblock/Downloads/HysightX/frontend/src/features/autonomy/components/InboxPanel.test.js"},{"assertionResults":[{"ancestorTitles":[],"fullName":"opens dialog on Kill autonomy and calls onSetKillSwitch with reason","status":"passed","title":"opens dialog on Kill autonomy and calls onSetKillSwitch with reason","duration":2334.53475,"failureMessages":[],"meta":{}},{"ancestorTitles":[],"fullName":"opens dialog on Clear kill switch and calls onSetKillSwitch with null reason","status":"passed","title":"opens dialog on Clear kill switch and calls onSetKillSwitch with null reason","duration":286.76887500000066,"failureMessages":[],"meta":{}},{"ancestorTitles":[],"fullName":"cancel closes the dialog without calling onSetKillSwitch","status":"passed","title":"cancel closes the dialog without calling onSetKillSwitch","duration":190.2067909999996,"failureMessages":[],"meta":{}}],"startTime":1777192824600,"endTime":1777192827412.2068,"status":"passed","message":"","name":"/Users/dawsonblock/Downloads/HysightX/frontend/src/features/autonomy/components/KillSwitchBar.test.js"},{"assertionResults":[{"ancestorTitles":[],"fullName":"shows empty state when no schedules returned","status":"passed","title":"shows empty state when no schedules returned","duration":121.53837500000009,"failureMessages":[],"meta":{}},{"ancestorTitles":[],"fullName":"shows resource error when provided","status":"passed","title":"shows resource error when provided","duration":5.867584000000079,"failureMessages":[],"meta":{}},{"ancestorTitles":[],"fullName":"renders schedule row with Enable and Disable buttons","status":"passed","title":"renders schedule row with Enable and Disable buttons","duration":283.5187079999996,"failureMessages":[],"meta":{}},{"ancestorTitles":[],"fullName":"Enable button calls onEnable for a disabled schedule","status":"passed","title":"Enable button calls onEnable for a disabled schedule","duration":34.094708999999966,"failureMessages":[],"meta":{}}],"startTime":1777192824245,"endTime":1777192824690.0947,"status":"passed","message":"","name":"/Users/dawsonblock/Downloads/HysightX/frontend/src/features/autonomy/components/SchedulesPanel.test.js"},{"assertionResults":[{"ancestorTitles":[],"fullName":"renders nothing when selectedRunSummary is null","status":"passed","title":"renders nothing when selectedRunSummary is null","duration":8.636167,"failureMessages":[],"meta":{}},{"ancestorTitles":[],"fullName":"renders run_id when summary is provided","status":"passed","title":"renders run_id when summary is provided","duration":9.106792000000041,"failureMessages":[],"meta":{}},{"ancestorTitles":[],"fullName":"renders formatted state label","status":"passed","title":"renders formatted state label","duration":2.0757089999999607,"failureMessages":[],"meta":{}},{"ancestorTitles":[],"fullName":"renders goal text","status":"passed","title":"renders goal text","duration":3.4201249999999845,"failureMessages":[],"meta":{}}],"startTime":1777192829063,"endTime":1777192829086.4202,"status":"passed","message":"","name":"/Users/dawsonblock/Downloads/HysightX/frontend/src/features/autonomy/components/SelectedRunPanel.test.js"},{"assertionResults":[{"ancestorTitles":[],"fullName":"shows empty state when no agents available","status":"passed","title":"shows empty state when no agents available","duration":20.840749999999844,"failureMessages":[],"meta":{}},{"ancestorTitles":[],"fullName":"renders Current attention mode label from autonomyStatus","status":"passed","title":"renders Current attention mode label from autonomyStatus","duration":3.9747919999999795,"failureMessages":[],"meta":{}},{"ancestorTitles":[],"fullName":"renders agent row with style_profile_id from latest checkpoint","status":"passed","title":"renders agent row with style_profile_id from latest checkpoint","duration":129.95929100000012,"failureMessages":[],"meta":{}},{"ancestorTitles":[],"fullName":"renders agent row with fallback style_profile_id from agent when no checkpoint","status":"passed","title":"renders agent row with fallback style_profile_id from agent when no checkpoint","duration":13.590375000000222,"failureMessages":[],"meta":{}}],"startTime":1777192828400,"endTime":1777192828568.5903,"status":"passed","message":"","name":"/Users/dawsonblock/Downloads/HysightX/frontend/src/features/autonomy/components/StyleStatePanel.test.js"}]}